kotlin version: 2.2.21
error message: java.lang.RuntimeException: Exception while generating code for:
FUN name:PaginatedLazyColumn visibility:public modality:FINAL returnType:kotlin.Unit
  VALUE_PARAMETER kind:Regular name:modifier index:0 type:androidx.compose.ui.Modifier
    EXPRESSION_BODY
      ERROR_EXPR 'Default Stub' type=androidx.compose.ui.Modifier
  VALUE_PARAMETER kind:Regular name:contentPadding index:1 type:androidx.compose.foundation.layout.PaddingValues
    EXPRESSION_BODY
      ERROR_EXPR 'Default Stub' type=androidx.compose.foundation.layout.PaddingValues
  VALUE_PARAMETER kind:Regular name:verticalArrangement index:2 type:androidx.compose.foundation.layout.Arrangement.Vertical
    EXPRESSION_BODY
      ERROR_EXPR 'Default Stub' type=androidx.compose.foundation.layout.Arrangement.Vertical
  VALUE_PARAMETER kind:Regular name:loading index:3 type:kotlin.Boolean
  VALUE_PARAMETER kind:Regular name:listState index:4 type:androidx.compose.foundation.lazy.LazyListState
    EXPRESSION_BODY
      ERROR_EXPR 'Default Stub' type=androidx.compose.foundation.lazy.LazyListState
  VALUE_PARAMETER kind:Regular name:preLoadIndex index:5 type:kotlin.Int
    EXPRESSION_BODY
      ERROR_EXPR 'Default Stub' type=kotlin.Int
  VALUE_PARAMETER kind:Regular name:onPaginate index:6 type:kotlin.Function0<kotlin.Unit>
  VALUE_PARAMETER kind:Regular name:content index:7 type:@[ExtensionFunctionType] kotlin.Function1<androidx.compose.foundation.lazy.LazyListScope, kotlin.Unit>
  annotations:
    Composable
  BLOCK_BODY
    VAR name:shouldPaginate type:androidx.compose.runtime.State<kotlin.Boolean> [val]
      CALL 'public final fun remember <T> (calculation: @[DisallowComposableCalls] kotlin.Function0<T of androidx.compose.runtime.ComposablesKt.remember>): T of androidx.compose.runtime.ComposablesKt.remember [inline] declared in androidx.compose.runtime.ComposablesKt' type=androidx.compose.runtime.State<kotlin.Boolean> origin=null
        TYPE_ARG T: androidx.compose.runtime.State<kotlin.Boolean>
        ARG calculation: BLOCK type=kotlin.Function0<androidx.compose.runtime.State<kotlin.Boolean>> origin=LAMBDA
          COMPOSITE type=kotlin.Unit origin=null
          FUNCTION_REFERENCE 'private final fun PaginatedLazyColumn$lambda$0 ($listState: androidx.compose.foundation.lazy.LazyListState, $preLoadIndex: kotlin.Int): androidx.compose.runtime.State<kotlin.Boolean> declared in com.alphadrive.core.presentation.components.PaginatedLazyColumnKt' type=kotlin.Function0<androidx.compose.runtime.State<kotlin.Boolean>> origin=INLINE_LAMBDA reflectionTarget=null
            ARG $listState: GET_VAR 'listState: androidx.compose.foundation.lazy.LazyListState declared in com.alphadrive.core.presentation.components.PaginatedLazyColumnKt.PaginatedLazyColumn' type=androidx.compose.foundation.lazy.LazyListState origin=null
            ARG $preLoadIndex: GET_VAR 'preLoadIndex: kotlin.Int declared in com.alphadrive.core.presentation.components.PaginatedLazyColumnKt.PaginatedLazyColumn' type=kotlin.Int origin=null
    CALL 'public final fun LaunchedEffect (key1: kotlin.Any?, key2: kotlin.Any?, block: @[ExtensionFunctionType] kotlin.coroutines.SuspendFunction1<kotlinx.coroutines.CoroutineScope, kotlin.Unit>): kotlin.Unit declared in androidx.compose.runtime.EffectsKt' type=kotlin.Unit origin=null
      ARG key1: GET_VAR 'listState: androidx.compose.foundation.lazy.LazyListState declared in com.alphadrive.core.presentation.components.PaginatedLazyColumnKt.PaginatedLazyColumn' type=androidx.compose.foundation.lazy.LazyListState origin=null
      ARG key2: GET_VAR 'loading: kotlin.Boolean declared in com.alphadrive.core.presentation.components.PaginatedLazyColumnKt.PaginatedLazyColumn' type=kotlin.Boolean origin=null
      ARG block: BLOCK type=com.alphadrive.core.presentation.components.PaginatedLazyColumnKt.PaginatedLazyColumn.<no name provided> origin=null
        CLASS SUSPEND_LAMBDA CLASS name:<no name provided> modality:FINAL visibility:public/*package*/ superTypes:[kotlin.coroutines.jvm.internal.SuspendLambda; kotlin.jvm.functions.Function2<kotlinx.coroutines.CoroutineScope, kotlin.coroutines.Continuation<kotlin.Unit>?, kotlin.Any?>]
          thisReceiver: VALUE_PARAMETER INSTANCE_RECEIVER kind:DispatchReceiver name:<this> type:com.alphadrive.core.presentation.components.PaginatedLazyColumnKt.PaginatedLazyColumn.<no name provided>
          FIELD name:label type:kotlin.Int visibility:public/*package*/
          CONSTRUCTOR SUSPEND_LAMBDA visibility:public/*package*/ returnType:com.alphadrive.core.presentation.components.PaginatedLazyColumnKt.PaginatedLazyColumn.<no name provided> [primary]
            VALUE_PARAMETER BOUND_VALUE_PARAMETER kind:Regular name:$shouldPaginate index:0 type:androidx.compose.runtime.State<kotlin.Boolean>
            VALUE_PARAMETER BOUND_VALUE_PARAMETER kind:Regular name:$loading index:1 type:kotlin.Boolean
            VALUE_PARAMETER BOUND_VALUE_PARAMETER kind:Regular name:$onPaginate index:2 type:kotlin.Function0<kotlin.Unit>
            VALUE_PARAMETER kind:Regular name:$completion index:3 type:kotlin.coroutines.Continuation<com.alphadrive.core.presentation.components.PaginatedLazyColumnKt.PaginatedLazyColumn.<no name provided>>?
            BLOCK_BODY
              SET_FIELD 'FIELD FIELD_FOR_CAPTURED_VALUE name:$shouldPaginate type:androidx.compose.runtime.State<kotlin.Boolean> visibility:public/*package*/ [final] declared in com.alphadrive.core.presentation.components.PaginatedLazyColumnKt.PaginatedLazyColumn.<no name provided>' type=kotlin.Unit origin=INITIALIZER_OF_FIELD_FOR_CAPTURED_VALUE
                receiver: GET_VAR '<this>: com.alphadrive.core.presentation.components.PaginatedLazyColumnKt.PaginatedLazyColumn.<no name provided> declared in com.alphadrive.core.presentation.components.PaginatedLazyColumnKt.PaginatedLazyColumn.<no name provided>' type=com.alphadrive.core.presentation.components.PaginatedLazyColumnKt.PaginatedLazyColumn.<no name provided> origin=null
                value: GET_VAR '$shouldPaginate: androidx.compose.runtime.State<kotlin.Boolean> declared in com.alphadrive.core.presentation.components.PaginatedLazyColumnKt.PaginatedLazyColumn.<no name provided>.<init>' type=androidx.compose.runtime.State<kotlin.Boolean> origin=null
              SET_FIELD 'FIELD FIELD_FOR_CAPTURED_VALUE name:$loading type:kotlin.Boolean visibility:public/*package*/ [final] declared in com.alphadrive.core.presentation.components.PaginatedLazyColumnKt.PaginatedLazyColumn.<no name provided>' type=kotlin.Unit origin=INITIALIZER_OF_FIELD_FOR_CAPTURED_VALUE
                receiver: GET_VAR '<this>: com.alphadrive.core.presentation.components.PaginatedLazyColumnKt.PaginatedLazyColumn.<no name provided> declared in com.alphadrive.core.presentation.components.PaginatedLazyColumnKt.PaginatedLazyColumn.<no name provided>' type=com.alphadrive.core.presentation.components.PaginatedLazyColumnKt.PaginatedLazyColumn.<no name provided> origin=null
                value: GET_VAR '$loading: kotlin.Boolean declared in com.alphadrive.core.presentation.components.PaginatedLazyColumnKt.PaginatedLazyColumn.<no name provided>.<init>' type=kotlin.Boolean origin=null
              SET_FIELD 'FIELD FIELD_FOR_CAPTURED_VALUE name:$onPaginate type:kotlin.Function0<kotlin.Unit> visibility:public/*package*/ [final] declared in com.alphadrive.core.presentation.components.PaginatedLazyColumnKt.PaginatedLazyColumn.<no name provided>' type=kotlin.Unit origin=INITIALIZER_OF_FIELD_FOR_CAPTURED_VALUE
                receiver: GET_VAR '<this>: com.alphadrive.core.presentation.components.PaginatedLazyColumnKt.PaginatedLazyColumn.<no name provided> declared in com.alphadrive.core.presentation.components.PaginatedLazyColumnKt.PaginatedLazyColumn.<no name provided>' type=com.alphadrive.core.presentation.components.PaginatedLazyColumnKt.PaginatedLazyColumn.<no name provided> origin=null
                value: GET_VAR '$onPaginate: kotlin.Function0<kotlin.Unit> declared in com.alphadrive.core.presentation.components.PaginatedLazyColumnKt.PaginatedLazyColumn.<no name provided>.<init>' type=kotlin.Function0<kotlin.Unit> origin=null
              DELEGATING_CONSTRUCTOR_CALL 'public constructor <init> (arity: kotlin.Int, $completion: kotlin.coroutines.Continuation<kotlin.Any?>?) declared in kotlin.coroutines.jvm.internal.SuspendLambda'
                ARG arity: CONST Int type=kotlin.Int value=2
                ARG $completion: GET_VAR '$completion: kotlin.coroutines.Continuation<com.alphadrive.core.presentation.components.PaginatedLazyColumnKt.PaginatedLazyColumn.<no name provided>>? declared in com.alphadrive.core.presentation.components.PaginatedLazyColumnKt.PaginatedLazyColumn.<no name provided>.<init>' type=kotlin.coroutines.Continuation<com.alphadrive.core.presentation.components.PaginatedLazyColumnKt.PaginatedLazyColumn.<no name provided>>? origin=null
              BLOCK type=kotlin.Unit origin=null
          FUN name:invokeSuspend visibility:public modality:FINAL returnType:kotlin.Any?
            VALUE_PARAMETER INSTANCE_RECEIVER kind:DispatchReceiver name:<this> index:0 type:com.alphadrive.core.presentation.components.PaginatedLazyColumnKt.PaginatedLazyColumn.<no name provided>
            VALUE_PARAMETER kind:Regular name:$result index:1 type:kotlin.Result<kotlin.Any?>
            overridden:
              protected abstract fun invokeSuspend ($result: kotlin.Result<kotlin.Any?>): kotlin.Any? declared in kotlin.coroutines.jvm.internal.SuspendLambda
            BLOCK_BODY
              CALL 'public abstract fun collect (collector: kotlinx.coroutines.flow.FlowCollector<T of kotlinx.coroutines.flow.Flow>, $completion: kotlin.coroutines.Continuation<kotlin.Unit>): kotlin.Any? [suspend] declared in kotlinx.coroutines.flow.Flow' type=kotlin.Unit origin=null
                ARG <this>: CALL 'public final fun filter <T> (<this>: kotlinx.coroutines.flow.Flow<T of kotlinx.coroutines.flow.FlowKt.filter>, predicate: kotlin.coroutines.SuspendFunction1<T of kotlinx.coroutines.flow.FlowKt.filter, kotlin.Boolean>): kotlinx.coroutines.flow.Flow<T of kotlinx.coroutines.flow.FlowKt.filter> [inline] declared in kotlinx.coroutines.flow.FlowKt' type=kotlinx.coroutines.flow.Flow<kotlin.Boolean> origin=null
                  TYPE_ARG T: kotlin.Boolean
                  ARG <this>: CALL 'public final fun distinctUntilChanged <T> (<this>: kotlinx.coroutines.flow.Flow<T of kotlinx.coroutines.flow.FlowKt.distinctUntilChanged>): kotlinx.coroutines.flow.Flow<T of kotlinx.coroutines.flow.FlowKt.distinctUntilChanged> declared in kotlinx.coroutines.flow.FlowKt' type=kotlinx.coroutines.flow.Flow<kotlin.Boolean> origin=null
                    TYPE_ARG T: kotlin.Boolean
                    ARG <this>: CALL 'public final fun snapshotFlow <T> (block: kotlin.Function0<T of androidx.compose.runtime.SnapshotStateKt.snapshotFlow>): kotlinx.coroutines.flow.Flow<T of androidx.compose.runtime.SnapshotStateKt.snapshotFlow> declared in androidx.compose.runtime.SnapshotStateKt' type=kotlinx.coroutines.flow.Flow<kotlin.Boolean> origin=null
                      TYPE_ARG T: kotlin.Boolean
                      ARG block: BLOCK type=kotlin.Function0<kotlin.Boolean> origin=LAMBDA
                        COMPOSITE type=kotlin.Unit origin=null
                        CALL 'public final fun <jvm-indy> <T> (dynamicCall: T of kotlin.jvm.internal.<jvm-indy>, bootstrapMethodHandle: kotlin.Any, vararg bootstrapMethodArguments: kotlin.Any): T of kotlin.jvm.internal.<jvm-indy> declared in kotlin.jvm.internal' type=kotlin.Function0<kotlin.Boolean> origin=null
                          TYPE_ARG T: kotlin.Function0<kotlin.Boolean>
                          ARG dynamicCall: CALL 'public final fun invoke (p0: androidx.compose.runtime.State<kotlin.Boolean>): kotlin.Function0<kotlin.Boolean> declared in kotlin.jvm.internal.invokeDynamic' type=kotlin.Function0<kotlin.Boolean> origin=null
                            ARG p0: GET_FIELD 'FIELD FIELD_FOR_CAPTURED_VALUE name:$shouldPaginate type:androidx.compose.runtime.State<kotlin.Boolean> visibility:public/*package*/ [final] declared in com.alphadrive.core.presentation.components.PaginatedLazyColumnKt.PaginatedLazyColumn.<no name provided>' type=androidx.compose.runtime.State<kotlin.Boolean> origin=null
                              receiver: GET_VAR '<this>: com.alphadrive.core.presentation.components.PaginatedLazyColumnKt.PaginatedLazyColumn.<no name provided> declared in com.alphadrive.core.presentation.components.PaginatedLazyColumnKt.PaginatedLazyColumn.<no name provided>.invokeSuspend' type=com.alphadrive.core.presentation.components.PaginatedLazyColumnKt.PaginatedLazyColumn.<no name provided> origin=null
                          ARG bootstrapMethodHandle: CALL 'public final fun <jvm-method-handle> (tag: kotlin.Int, owner: kotlin.String, name: kotlin.String, descriptor: kotlin.String, isInterface: kotlin.Boolean): kotlin.Any declared in kotlin.jvm.internal' type=kotlin.Any origin=null
                            ARG tag: CONST Int type=kotlin.Int value=6
                            ARG owner: CONST String type=kotlin.String value="java/lang/invoke/LambdaMetafactory"
                            ARG name: CONST String type=kotlin.String value="metafactory"
                            ARG descriptor: CONST String type=kotlin.String value="(Ljava/lang/invoke/MethodHandles$Lookup;Ljava/lang/String;Ljava/lang/invoke/MethodType;Ljava/lang/invoke/MethodType;Ljava/lang/invoke/MethodHandle;Ljava/lang/invoke/MethodType;)Ljava/lang/invoke/CallSite;"
                            ARG isInterface: CONST Boolean type=kotlin.Boolean value=false
                          ARG bootstrapMethodArguments: VARARG type=kotlin.Array<kotlin.Any> varargElementType=kotlin.Any
                            CALL 'public final fun <jvm-original-method-type> (method: kotlin.Any): kotlin.Any declared in kotlin.jvm.internal' type=kotlin.Any origin=null
                              ARG method: RAW_FUNCTION_REFERENCE 'public abstract fun invoke (): R of kotlin.Function0 [operator] declared in kotlin.Function0' type=kotlin.Any
                            RAW_FUNCTION_REFERENCE 'private final fun invokeSuspend$lambda$0 ($shouldPaginate: androidx.compose.runtime.State<kotlin.Boolean>): kotlin.Boolean declared in com.alphadrive.core.presentation.components.PaginatedLazyColumnKt.PaginatedLazyColumn.<no name provided>' type=kotlin.Any
                            CALL 'public final fun <jvm-original-method-type> (method: kotlin.Any): kotlin.Any declared in kotlin.jvm.internal' type=kotlin.Any origin=null
                              ARG method: RAW_FUNCTION_REFERENCE 'public abstract fun invoke (): kotlin.Boolean? [fake_override,operator] declared in kotlin.jvm.internal.invokeDynamic.<fake>' type=kotlin.Any
                  ARG predicate: BLOCK type=kotlin.coroutines.SuspendFunction1<kotlin.Boolean, kotlin.Boolean> origin=LAMBDA
                    COMPOSITE type=kotlin.Unit origin=null
                    FUNCTION_REFERENCE 'private final fun invokeSuspend$lambda$1 ($loading: kotlin.Boolean, it: kotlin.Boolean, $completion: kotlin.coroutines.Continuation<kotlin.Boolean>): kotlin.Any? [suspend] declared in com.alphadrive.core.presentation.components.PaginatedLazyColumnKt.PaginatedLazyColumn.<no name provided>' type=kotlin.coroutines.SuspendFunction1<kotlin.Boolean, kotlin.Boolean> origin=INLINE_LAMBDA reflectionTarget=null
                      ARG $loading: GET_FIELD 'FIELD FIELD_FOR_CAPTURED_VALUE name:$loading type:kotlin.Boolean visibility:public/*package*/ [final] declared in com.alphadrive.core.presentation.components.PaginatedLazyColumnKt.PaginatedLazyColumn.<no name provided>' type=kotlin.Boolean origin=null
                        receiver: GET_VAR '<this>: com.alphadrive.core.presentation.components.PaginatedLazyColumnKt.PaginatedLazyColumn.<no name provided> declared in com.alphadrive.core.presentation.components.PaginatedLazyColumnKt.PaginatedLazyColumn.<no name provided>.invokeSuspend' type=com.alphadrive.core.presentation.components.PaginatedLazyColumnKt.PaginatedLazyColumn.<no name provided> origin=null
                ARG collector: BLOCK type=com.alphadrive.core.presentation.components.PaginatedLazyColumnKt.PaginatedLazyColumn.<no name provided>.invokeSuspend.<no name provided><T of com.alphadrive.core.presentation.components.PaginatedLazyColumnKt.PaginatedLazyColumn.<no name provided>.invokeSuspend.<no name provided>> origin=null
                  CLASS LAMBDA_IMPL CLASS name:<no name provided> modality:FINAL visibility:public/*package*/ superTypes:[@[RawType] kotlinx.coroutines.flow.FlowCollector<T of kotlinx.coroutines.flow.FlowCollector>]
                    thisReceiver: VALUE_PARAMETER INSTANCE_RECEIVER kind:DispatchReceiver name:<this> type:com.alphadrive.core.presentation.components.PaginatedLazyColumnKt.PaginatedLazyColumn.<no name provided>.invokeSuspend.<no name provided><T of com.alphadrive.core.presentation.components.PaginatedLazyColumnKt.PaginatedLazyColumn.<no name provided>.invokeSuspend.<no name provided>>
                    TYPE_PARAMETER name:T index:0 variance:in superTypes:[kotlin.Any?] reified:false
                    CONSTRUCTOR GENERATED_MEMBER_IN_CALLABLE_REFERENCE visibility:public/*package*/ returnType:com.alphadrive.core.presentation.components.PaginatedLazyColumnKt.PaginatedLazyColumn.<no name provided>.invokeSuspend.<no name provided><T of com.alphadrive.core.presentation.components.PaginatedLazyColumnKt.PaginatedLazyColumn.<no name provided>.invokeSuspend.<no name provided>> [primary]
                      VALUE_PARAMETER BOUND_VALUE_PARAMETER kind:Regular name:$onPaginate index:0 type:kotlin.Function0<kotlin.Unit>
                      BLOCK_BODY
                        SET_FIELD 'FIELD FIELD_FOR_CAPTURED_VALUE name:$onPaginate type:kotlin.Function0<kotlin.Unit> visibility:public/*package*/ [final] declared in com.alphadrive.core.presentation.components.PaginatedLazyColumnKt.PaginatedLazyColumn.<no name provided>.invokeSuspend.<no name provided>' type=kotlin.Unit origin=INITIALIZER_OF_FIELD_FOR_CAPTURED_VALUE
                          receiver: GET_VAR '<this>: com.alphadrive.core.presentation.components.PaginatedLazyColumnKt.PaginatedLazyColumn.<no name provided>.invokeSuspend.<no name provided><T of com.alphadrive.core.presentation.components.PaginatedLazyColumnKt.PaginatedLazyColumn.<no name provided>.invokeSuspend.<no name provided>> declared in com.alphadrive.core.presentation.components.PaginatedLazyColumnKt.PaginatedLazyColumn.<no name provided>.invokeSuspend.<no name provided>' type=com.alphadrive.core.presentation.components.PaginatedLazyColumnKt.PaginatedLazyColumn.<no name provided>.invokeSuspend.<no name provided><T of com.alphadrive.core.presentation.components.PaginatedLazyColumnKt.PaginatedLazyColumn.<no name provided>.invokeSuspend.<no name provided>> origin=null
                          value: GET_VAR '$onPaginate: kotlin.Function0<kotlin.Unit> declared in com.alphadrive.core.presentation.components.PaginatedLazyColumnKt.PaginatedLazyColumn.<no name provided>.invokeSuspend.<no name provided>.<init>' type=kotlin.Function0<kotlin.Unit> origin=null
                        DELEGATING_CONSTRUCTOR_CALL 'public constructor <init> () [primary] declared in kotlin.Any'
                        BLOCK type=kotlin.Unit origin=null
                    FUN name:emit visibility:public modality:FINAL returnType:kotlin.Any? [suspend]
                      VALUE_PARAMETER INSTANCE_RECEIVER kind:DispatchReceiver name:<this> index:0 type:com.alphadrive.core.presentation.components.PaginatedLazyColumnKt.PaginatedLazyColumn.<no name provided>.invokeSuspend.<no name provided><T of com.alphadrive.core.presentation.components.PaginatedLazyColumnKt.PaginatedLazyColumn.<no name provided>.invokeSuspend.<no name provided>>
                      VALUE_PARAMETER kind:Regular name:it index:1 type:kotlin.Boolean
                      VALUE_PARAMETER CONTINUATION_CLASS kind:Regular name:$completion index:2 type:kotlin.coroutines.Continuation<kotlin.Unit>
                      overridden:
                        public abstract fun emit (value: T of kotlinx.coroutines.flow.FlowCollector, $completion: kotlin.coroutines.Continuation<kotlin.Unit>): kotlin.Any? [suspend] declared in kotlinx.coroutines.flow.FlowCollector
                      BLOCK_BODY
                        CLASS CONTINUATION_CLASS CLASS name:<Continuation> modality:FINAL visibility:public/*package*/ superTypes:[kotlin.coroutines.jvm.internal.ContinuationImpl]
                          thisReceiver: VALUE_PARAMETER INSTANCE_RECEIVER kind:DispatchReceiver name:<this> type:com.alphadrive.core.presentation.components.PaginatedLazyColumnKt.PaginatedLazyColumn.<no name provided>.invokeSuspend.<no name provided>.emit.<Continuation>
                          FIELD CONTINUATION_CLASS_RESULT_FIELD name:result type:kotlin.Result<kotlin.Any?> visibility:public/*package*/
                          FIELD FIELD_FOR_OUTER_THIS name:this$0 type:com.alphadrive.core.presentation.components.PaginatedLazyColumnKt.PaginatedLazyColumn.<no name provided>.invokeSuspend.<no name provided><T of com.alphadrive.core.presentation.components.PaginatedLazyColumnKt.PaginatedLazyColumn.<no name provided>.invokeSuspend.<no name provided>> visibility:public/*package*/ [final]
                          FIELD name:label type:kotlin.Int visibility:public/*package*/
                          CONSTRUCTOR visibility:public/*package*/ returnType:com.alphadrive.core.presentation.components.PaginatedLazyColumnKt.PaginatedLazyColumn.<no name provided>.invokeSuspend.<no name provided>.emit.<Continuation> [primary]
                            VALUE_PARAMETER kind:Regular name:this$0 index:0 type:com.alphadrive.core.presentation.components.PaginatedLazyColumnKt.PaginatedLazyColumn.<no name provided>.invokeSuspend.<no name provided><T of com.alphadrive.core.presentation.components.PaginatedLazyColumnKt.PaginatedLazyColumn.<no name provided>.invokeSuspend.<no name provided>>
                            VALUE_PARAMETER kind:Regular name:$completion index:1 type:kotlin.coroutines.Continuation<com.alphadrive.core.presentation.components.PaginatedLazyColumnKt.PaginatedLazyColumn.<no name provided>.invokeSuspend.<no name provided>.emit.<Continuation>>?
                            BLOCK_BODY
                              SET_FIELD 'FIELD FIELD_FOR_OUTER_THIS name:this$0 type:com.alphadrive.core.presentation.components.PaginatedLazyColumnKt.PaginatedLazyColumn.<no name provided>.invokeSuspend.<no name provided><T of com.alphadrive.core.presentation.components.PaginatedLazyColumnKt.PaginatedLazyColumn.<no name provided>.invokeSuspend.<no name provided>> visibility:public/*package*/ [final] declared in com.alphadrive.core.presentation.components.PaginatedLazyColumnKt.PaginatedLazyColumn.<no name provided>.invokeSuspend.<no name provided>.emit.<Continuation>' type=kotlin.Unit origin=null
                                receiver: GET_VAR '<this>: com.alphadrive.core.presentation.components.PaginatedLazyColumnKt.PaginatedLazyColumn.<no name provided>.invokeSuspend.<no name provided>.emit.<Continuation> declared in com.alphadrive.core.presentation.components.PaginatedLazyColumnKt.PaginatedLazyColumn.<no name provided>.invokeSuspend.<no name provided>.emit.<Continuation>' type=com.alphadrive.core.presentation.components.PaginatedLazyColumnKt.PaginatedLazyColumn.<no name provided>.invokeSuspend.<no name provided>.emit.<Continuation> origin=null
                                value: GET_VAR 'this$0: com.alphadrive.core.presentation.components.PaginatedLazyColumnKt.PaginatedLazyColumn.<no name provided>.invokeSuspend.<no name provided><T of com.alphadrive.core.presentation.components.PaginatedLazyColumnKt.PaginatedLazyColumn.<no name provided>.invokeSuspend.<no name provided>> declared in com.alphadrive.core.presentation.components.PaginatedLazyColumnKt.PaginatedLazyColumn.<no name provided>.invokeSuspend.<no name provided>.emit.<Continuation>.<init>' type=com.alphadrive.core.presentation.components.PaginatedLazyColumnKt.PaginatedLazyColumn.<no name provided>.invokeSuspend.<no name provided><T of com.alphadrive.core.presentation.components.PaginatedLazyColumnKt.PaginatedLazyColumn.<no name provided>.invokeSuspend.<no name provided>> origin=null
                              DELEGATING_CONSTRUCTOR_CALL 'public constructor <init> ($completion: kotlin.coroutines.Continuation<kotlin.Any?>?) declared in kotlin.coroutines.jvm.internal.ContinuationImpl'
                                ARG $completion: GET_VAR '$completion: kotlin.coroutines.Continuation<com.alphadrive.core.presentation.components.PaginatedLazyColumnKt.PaginatedLazyColumn.<no name provided>.invokeSuspend.<no name provided>.emit.<Continuation>>? declared in com.alphadrive.core.presentation.components.PaginatedLazyColumnKt.PaginatedLazyColumn.<no name provided>.invokeSuspend.<no name provided>.emit.<Continuation>.<init>' type=kotlin.coroutines.Continuation<com.alphadrive.core.presentation.components.PaginatedLazyColumnKt.PaginatedLazyColumn.<no name provided>.invokeSuspend.<no name provided>.emit.<Continuation>>? origin=null
                          FUN name:invokeSuspend visibility:public modality:FINAL returnType:kotlin.Any?
                            VALUE_PARAMETER INSTANCE_RECEIVER kind:DispatchReceiver name:<this> index:0 type:com.alphadrive.core.presentation.components.PaginatedLazyColumnKt.PaginatedLazyColumn.<no name provided>.invokeSuspend.<no name provided>.emit.<Continuation>
                            VALUE_PARAMETER kind:Regular name:$result index:1 type:kotlin.Result<kotlin.Any?>
                            overridden:
                              public abstract fun invokeSuspend ($result: kotlin.Result<kotlin.Any?>): kotlin.Any? declared in kotlin.coroutines.jvm.internal.ContinuationImpl
                            BLOCK_BODY
                              SET_FIELD 'FIELD CONTINUATION_CLASS_RESULT_FIELD name:result type:kotlin.Result<kotlin.Any?> visibility:public/*package*/ declared in com.alphadrive.core.presentation.components.PaginatedLazyColumnKt.PaginatedLazyColumn.<no name provided>.invokeSuspend.<no name provided>.emit.<Continuation>' type=kotlin.Unit origin=null
                                receiver: GET_VAR '<this>: com.alphadrive.core.presentation.components.PaginatedLazyColumnKt.PaginatedLazyColumn.<no name provided>.invokeSuspend.<no name provided>.emit.<Continuation> declared in com.alphadrive.core.presentation.components.PaginatedLazyColumnKt.PaginatedLazyColumn.<no name provided>.invokeSuspend.<no name provided>.emit.<Continuation>.invokeSuspend' type=com.alphadrive.core.presentation.components.PaginatedLazyColumnKt.PaginatedLazyColumn.<no name provided>.invokeSuspend.<no name provided>.emit.<Continuation> origin=null
                                value: GET_VAR '$result: kotlin.Result<kotlin.Any?> declared in com.alphadrive.core.presentation.components.PaginatedLazyColumnKt.PaginatedLazyColumn.<no name provided>.invokeSuspend.<no name provided>.emit.<Continuation>.invokeSuspend' type=kotlin.Result<kotlin.Any?> origin=null
                              SET_FIELD 'FIELD name:label type:kotlin.Int visibility:public/*package*/ declared in com.alphadrive.core.presentation.components.PaginatedLazyColumnKt.PaginatedLazyColumn.<no name provided>.invokeSuspend.<no name provided>.emit.<Continuation>' type=kotlin.Unit origin=null
                                receiver: GET_VAR '<this>: com.alphadrive.core.presentation.components.PaginatedLazyColumnKt.PaginatedLazyColumn.<no name provided>.invokeSuspend.<no name provided>.emit.<Continuation> declared in com.alphadrive.core.presentation.components.PaginatedLazyColumnKt.PaginatedLazyColumn.<no name provided>.invokeSuspend.<no name provided>.emit.<Continuation>.invokeSuspend' type=com.alphadrive.core.presentation.components.PaginatedLazyColumnKt.PaginatedLazyColumn.<no name provided>.invokeSuspend.<no name provided>.emit.<Continuation> origin=null
                                value: CALL 'public final fun or (other: kotlin.Int): kotlin.Int [infix] declared in kotlin.Int' type=kotlin.Int origin=null
                                  ARG <this>: GET_FIELD 'FIELD name:label type:kotlin.Int visibility:public/*package*/ declared in com.alphadrive.core.presentation.components.PaginatedLazyColumnKt.PaginatedLazyColumn.<no name provided>.invokeSuspend.<no name provided>.emit.<Continuation>' type=kotlin.Int origin=null
                                    receiver: GET_VAR '<this>: com.alphadrive.core.presentation.components.PaginatedLazyColumnKt.PaginatedLazyColumn.<no name provided>.invokeSuspend.<no name provided>.emit.<Continuation> declared in com.alphadrive.core.presentation.components.PaginatedLazyColumnKt.PaginatedLazyColumn.<no name provided>.invokeSuspend.<no name provided>.emit.<Continuation>.invokeSuspend' type=com.alphadrive.core.presentation.components.PaginatedLazyColumnKt.PaginatedLazyColumn.<no name provided>.invokeSuspend.<no name provided>.emit.<Continuation> origin=null
                                  ARG other: CONST Int type=kotlin.Int value=-2147483648
                              RETURN type=kotlin.Nothing from='public final fun invokeSuspend ($result: kotlin.Result<kotlin.Any?>): kotlin.Any? declared in com.alphadrive.core.presentation.components.PaginatedLazyColumnKt.PaginatedLazyColumn.<no name provided>.invokeSuspend.<no name provided>.emit.<Continuation>'
                                CALL 'public final fun emit (it: kotlin.Boolean, $completion: kotlin.coroutines.Continuation<kotlin.Unit>): kotlin.Any? [suspend] declared in com.alphadrive.core.presentation.components.PaginatedLazyColumnKt.PaginatedLazyColumn.<no name provided>.invokeSuspend.<no name provided>' type=kotlin.Any? origin=null
                                  ARG <this>: GET_FIELD 'FIELD FIELD_FOR_OUTER_THIS name:this$0 type:com.alphadrive.core.presentation.components.PaginatedLazyColumnKt.PaginatedLazyColumn.<no name provided>.invokeSuspend.<no name provided><T of com.alphadrive.core.presentation.components.PaginatedLazyColumnKt.PaginatedLazyColumn.<no name provided>.invokeSuspend.<no name provided>> visibility:public/*package*/ [final] declared in com.alphadrive.core.presentation.components.PaginatedLazyColumnKt.PaginatedLazyColumn.<no name provided>.invokeSuspend.<no name provided>.emit.<Continuation>' type=com.alphadrive.core.presentation.components.PaginatedLazyColumnKt.PaginatedLazyColumn.<no name provided>.invokeSuspend.<no name provided><T of com.alphadrive.core.presentation.components.PaginatedLazyColumnKt.PaginatedLazyColumn.<no name provided>.invokeSuspend.<no name provided>> origin=null
                                    receiver: GET_VAR '<this>: com.alphadrive.core.presentation.components.PaginatedLazyColumnKt.PaginatedLazyColumn.<no name provided>.invokeSuspend.<no name provided>.emit.<Continuation> declared in com.alphadrive.core.presentation.components.PaginatedLazyColumnKt.PaginatedLazyColumn.<no name provided>.invokeSuspend.<no name provided>.emit.<Continuation>.invokeSuspend' type=com.alphadrive.core.presentation.components.PaginatedLazyColumnKt.PaginatedLazyColumn.<no name provided>.invokeSuspend.<no name provided>.emit.<Continuation> origin=null
                                  ARG it: CONST Boolean type=kotlin.Boolean value=false
                                  ARG $completion: GET_VAR '<this>: com.alphadrive.core.presentation.components.PaginatedLazyColumnKt.PaginatedLazyColumn.<no name provided>.invokeSuspend.<no name provided>.emit.<Continuation> declared in com.alphadrive.core.presentation.components.PaginatedLazyColumnKt.PaginatedLazyColumn.<no name provided>.invokeSuspend.<no name provided>.emit.<Continuation>.invokeSuspend' type=com.alphadrive.core.presentation.components.PaginatedLazyColumnKt.PaginatedLazyColumn.<no name provided>.invokeSuspend.<no name provided>.emit.<Continuation> origin=null
                        CALL 'public abstract fun invoke (): R of kotlin.Function0 [operator] declared in kotlin.Function0' type=kotlin.Unit origin=INVOKE
                          ARG <this>: GET_FIELD 'FIELD FIELD_FOR_CAPTURED_VALUE name:$onPaginate type:kotlin.Function0<kotlin.Unit> visibility:public/*package*/ [final] declared in com.alphadrive.core.presentation.components.PaginatedLazyColumnKt.PaginatedLazyColumn.<no name provided>.invokeSuspend.<no name provided>' type=kotlin.Function0<kotlin.Unit> origin=null
                            receiver: GET_VAR '<this>: com.alphadrive.core.presentation.components.PaginatedLazyColumnKt.PaginatedLazyColumn.<no name provided>.invokeSuspend.<no name provided><T of com.alphadrive.core.presentation.components.PaginatedLazyColumnKt.PaginatedLazyColumn.<no name provided>.invokeSuspend.<no name provided>> declared in com.alphadrive.core.presentation.components.PaginatedLazyColumnKt.PaginatedLazyColumn.<no name provided>.invokeSuspend.<no name provided>.emit' type=com.alphadrive.core.presentation.components.PaginatedLazyColumnKt.PaginatedLazyColumn.<no name provided>.invokeSuspend.<no name provided><T of com.alphadrive.core.presentation.components.PaginatedLazyColumnKt.PaginatedLazyColumn.<no name provided>.invokeSuspend.<no name provided>> origin=null
                    FUN FAKE_OVERRIDE name:equals visibility:public modality:OPEN returnType:kotlin.Boolean [fake_override,operator]
                      VALUE_PARAMETER kind:DispatchReceiver name:<this> index:0 type:kotlin.Any
                      VALUE_PARAMETER kind:Regular name:other index:1 type:kotlin.Any?
                      overridden:
                        public open fun equals (other: kotlin.Any?): kotlin.Boolean [fake_override,operator] declared in kotlinx.coroutines.flow.FlowCollector
                    FUN FAKE_OVERRIDE name:hashCode visibility:public modality:OPEN returnType:kotlin.Int [fake_override]
                      VALUE_PARAMETER kind:DispatchReceiver name:<this> index:0 type:kotlin.Any
                      overridden:
                        public open fun hashCode (): kotlin.Int [fake_override] declared in kotlinx.coroutines.flow.FlowCollector
                    FUN FAKE_OVERRIDE name:toString visibility:public modality:OPEN returnType:kotlin.String [fake_override]
                      VALUE_PARAMETER kind:DispatchReceiver name:<this> index:0 type:kotlin.Any
                      overridden:
                        public open fun toString (): kotlin.String [fake_override] declared in kotlinx.coroutines.flow.FlowCollector
                    FIELD FIELD_FOR_CAPTURED_VALUE name:$onPaginate type:kotlin.Function0<kotlin.Unit> visibility:public/*package*/ [final]
                    FUN BRIDGE name:emit visibility:public modality:OPEN returnType:kotlin.Any? [suspend]
                      VALUE_PARAMETER INSTANCE_RECEIVER kind:DispatchReceiver name:<this> index:0 type:com.alphadrive.core.presentation.components.PaginatedLazyColumnKt.PaginatedLazyColumn.<no name provided>.invokeSuspend.<no name provided><T of com.alphadrive.core.presentation.components.PaginatedLazyColumnKt.PaginatedLazyColumn.<no name provided>.invokeSuspend.<no name provided>>
                      VALUE_PARAMETER BRIDGE kind:Regular name:value index:1 type:kotlin.Any?
                      VALUE_PARAMETER BRIDGE kind:Regular name:$completion index:2 type:kotlin.coroutines.Continuation<kotlin.Unit>
                      EXPRESSION_BODY
                        RETURN type=kotlin.Nothing from='public open fun emit (value: kotlin.Any?, $completion: kotlin.coroutines.Continuation<kotlin.Unit>): kotlin.Any? [suspend] declared in com.alphadrive.core.presentation.components.PaginatedLazyColumnKt.PaginatedLazyColumn.<no name provided>.invokeSuspend.<no name provided>'
                          CALL 'public final fun emit (it: kotlin.Boolean, $completion: kotlin.coroutines.Continuation<kotlin.Unit>): kotlin.Any? [suspend] declared in com.alphadrive.core.presentation.components.PaginatedLazyColumnKt.PaginatedLazyColumn.<no name provided>.invokeSuspend.<no name provided>' type=kotlin.Any? origin=BRIDGE_DELEGATION
                            ARG <this>: GET_VAR '<this>: com.alphadrive.core.presentation.components.PaginatedLazyColumnKt.PaginatedLazyColumn.<no name provided>.invokeSuspend.<no name provided><T of com.alphadrive.core.presentation.components.PaginatedLazyColumnKt.PaginatedLazyColumn.<no name provided>.invokeSuspend.<no name provided>> declared in com.alphadrive.core.presentation.components.PaginatedLazyColumnKt.PaginatedLazyColumn.<no name provided>.invokeSuspend.<no name provided>.emit' type=com.alphadrive.core.presentation.components.PaginatedLazyColumnKt.PaginatedLazyColumn.<no name provided>.invokeSuspend.<no name provided><T of com.alphadrive.core.presentation.components.PaginatedLazyColumnKt.PaginatedLazyColumn.<no name provided>.invokeSuspend.<no name provided>> origin=null
                            ARG it: TYPE_OP type=kotlin.Boolean origin=IMPLICIT_CAST typeOperand=kotlin.Boolean
                              GET_VAR 'value: kotlin.Any? declared in com.alphadrive.core.presentation.components.PaginatedLazyColumnKt.PaginatedLazyColumn.<no name provided>.invokeSuspend.<no name provided>.emit' type=kotlin.Any? origin=null
                            ARG $completion: TYPE_OP type=kotlin.coroutines.Continuation<*> origin=IMPLICIT_CAST typeOperand=kotlin.coroutines.Continuation<*>
                              GET_VAR '$completion: kotlin.coroutines.Continuation<kotlin.Unit> declared in com.alphadrive.core.presentation.components.PaginatedLazyColumnKt.PaginatedLazyColumn.<no name provided>.invokeSuspend.<no name provided>.emit' type=kotlin.coroutines.Continuation<kotlin.Unit> origin=null
                  CONSTRUCTOR_CALL 'public/*package*/ constructor <init> ($onPaginate: kotlin.Function0<kotlin.Unit>) [primary] declared in com.alphadrive.core.presentation.components.PaginatedLazyColumnKt.PaginatedLazyColumn.<no name provided>.invokeSuspend.<no name provided>' type=com.alphadrive.core.presentation.components.PaginatedLazyColumnKt.PaginatedLazyColumn.<no name provided>.invokeSuspend.<no name provided><T of com.alphadrive.core.presentation.components.PaginatedLazyColumnKt.PaginatedLazyColumn.<no name provided>.invokeSuspend.<no name provided>> origin=null
                    TYPE_ARG (of class) T: <none>
                    ARG $onPaginate: GET_FIELD 'FIELD FIELD_FOR_CAPTURED_VALUE name:$onPaginate type:kotlin.Function0<kotlin.Unit> visibility:public/*package*/ [final] declared in com.alphadrive.core.presentation.components.PaginatedLazyColumnKt.PaginatedLazyColumn.<no name provided>' type=kotlin.Function0<kotlin.Unit> origin=null
                      receiver: GET_VAR '<this>: com.alphadrive.core.presentation.components.PaginatedLazyColumnKt.PaginatedLazyColumn.<no name provided> declared in com.alphadrive.core.presentation.components.PaginatedLazyColumnKt.PaginatedLazyColumn.<no name provided>.invokeSuspend' type=com.alphadrive.core.presentation.components.PaginatedLazyColumnKt.PaginatedLazyColumn.<no name provided> origin=null
                ARG $completion: GET_VAR '<this>: com.alphadrive.core.presentation.components.PaginatedLazyColumnKt.PaginatedLazyColumn.<no name provided> declared in com.alphadrive.core.presentation.components.PaginatedLazyColumnKt.PaginatedLazyColumn.<no name provided>.invokeSuspend' type=com.alphadrive.core.presentation.components.PaginatedLazyColumnKt.PaginatedLazyColumn.<no name provided> origin=null
          FUN name:create visibility:public modality:FINAL returnType:kotlin.coroutines.Continuation<kotlin.Unit>
            VALUE_PARAMETER INSTANCE_RECEIVER kind:DispatchReceiver name:<this> index:0 type:com.alphadrive.core.presentation.components.PaginatedLazyColumnKt.PaginatedLazyColumn.<no name provided>
            VALUE_PARAMETER kind:Regular name:value index:1 type:kotlin.Any?
            VALUE_PARAMETER kind:Regular name:$completion index:2 type:kotlin.coroutines.Continuation<kotlin.Nothing>
            overridden:
              public open fun create (value: kotlin.Any?, $completion: kotlin.coroutines.Continuation<kotlin.Nothing>): kotlin.coroutines.Continuation<kotlin.Unit> declared in kotlin.coroutines.jvm.internal.SuspendLambda
            BLOCK_BODY
              RETURN type=kotlin.Nothing from='public final fun create (value: kotlin.Any?, $completion: kotlin.coroutines.Continuation<kotlin.Nothing>): kotlin.coroutines.Continuation<kotlin.Unit> declared in com.alphadrive.core.presentation.components.PaginatedLazyColumnKt.PaginatedLazyColumn.<no name provided>'
                CONSTRUCTOR_CALL 'public/*package*/ constructor <init> ($shouldPaginate: androidx.compose.runtime.State<kotlin.Boolean>, $loading: kotlin.Boolean, $onPaginate: kotlin.Function0<kotlin.Unit>, $completion: kotlin.coroutines.Continuation<com.alphadrive.core.presentation.components.PaginatedLazyColumnKt.PaginatedLazyColumn.<no name provided>>?) [primary] declared in com.alphadrive.core.presentation.components.PaginatedLazyColumnKt.PaginatedLazyColumn.<no name provided>' type=com.alphadrive.core.presentation.components.PaginatedLazyColumnKt.PaginatedLazyColumn.<no name provided> origin=null
                  ARG $shouldPaginate: GET_FIELD 'FIELD FIELD_FOR_CAPTURED_VALUE name:$shouldPaginate type:androidx.compose.runtime.State<kotlin.Boolean> visibility:public/*package*/ [final] declared in com.alphadrive.core.presentation.components.PaginatedLazyColumnKt.PaginatedLazyColumn.<no name provided>' type=androidx.compose.runtime.State<kotlin.Boolean> origin=null
                    receiver: GET_VAR '<this>: com.alphadrive.core.presentation.components.PaginatedLazyColumnKt.PaginatedLazyColumn.<no name provided> declared in com.alphadrive.core.presentation.components.PaginatedLazyColumnKt.PaginatedLazyColumn.<no name provided>.create' type=com.alphadrive.core.presentation.components.PaginatedLazyColumnKt.PaginatedLazyColumn.<no name provided> origin=null
                  ARG $loading: GET_FIELD 'FIELD FIELD_FOR_CAPTURED_VALUE name:$loading type:kotlin.Boolean visibility:public/*package*/ [final] declared in com.alphadrive.core.presentation.components.PaginatedLazyColumnKt.PaginatedLazyColumn.<no name provided>' type=kotlin.Boolean origin=null
                    receiver: GET_VAR '<this>: com.alphadrive.core.presentation.components.PaginatedLazyColumnKt.PaginatedLazyColumn.<no name provided> declared in com.alphadrive.core.presentation.components.PaginatedLazyColumnKt.PaginatedLazyColumn.<no name provided>.create' type=com.alphadrive.core.presentation.components.PaginatedLazyColumnKt.PaginatedLazyColumn.<no name provided> origin=null
                  ARG $onPaginate: GET_FIELD 'FIELD FIELD_FOR_CAPTURED_VALUE name:$onPaginate type:kotlin.Function0<kotlin.Unit> visibility:public/*package*/ [final] declared in com.alphadrive.core.presentation.components.PaginatedLazyColumnKt.PaginatedLazyColumn.<no name provided>' type=kotlin.Function0<kotlin.Unit> origin=null
                    receiver: GET_VAR '<this>: com.alphadrive.core.presentation.components.PaginatedLazyColumnKt.PaginatedLazyColumn.<no name provided> declared in com.alphadrive.core.presentation.components.PaginatedLazyColumnKt.PaginatedLazyColumn.<no name provided>.create' type=com.alphadrive.core.presentation.components.PaginatedLazyColumnKt.PaginatedLazyColumn.<no name provided> origin=null
                  ARG $completion: GET_VAR '$completion: kotlin.coroutines.Continuation<kotlin.Nothing> declared in com.alphadrive.core.presentation.components.PaginatedLazyColumnKt.PaginatedLazyColumn.<no name provided>.create' type=kotlin.coroutines.Continuation<kotlin.Nothing> origin=null
          FUN name:invoke visibility:public modality:FINAL returnType:kotlin.Any?
            VALUE_PARAMETER INSTANCE_RECEIVER kind:DispatchReceiver name:<this> index:0 type:com.alphadrive.core.presentation.components.PaginatedLazyColumnKt.PaginatedLazyColumn.<no name provided>
            VALUE_PARAMETER kind:Regular name:p1 index:1 type:kotlinx.coroutines.CoroutineScope
            VALUE_PARAMETER kind:Regular name:p2 index:2 type:kotlin.coroutines.Continuation<kotlin.Unit>?
            overridden:
              public abstract fun invoke (p1: P1 of kotlin.jvm.functions.Function2, p2: P2 of kotlin.jvm.functions.Function2): R of kotlin.jvm.functions.Function2 declared in kotlin.jvm.functions.Function2
            BLOCK_BODY
              RETURN type=kotlin.Nothing from='public final fun invoke (p1: kotlinx.coroutines.CoroutineScope, p2: kotlin.coroutines.Continuation<kotlin.Unit>?): kotlin.Any? declared in com.alphadrive.core.presentation.components.PaginatedLazyColumnKt.PaginatedLazyColumn.<no name provided>'
                CALL 'public final fun invokeSuspend ($result: kotlin.Result<kotlin.Any?>): kotlin.Any? declared in com.alphadrive.core.presentation.components.PaginatedLazyColumnKt.PaginatedLazyColumn.<no name provided>' type=kotlin.Any? origin=null
                  ARG <this>: TYPE_OP type=com.alphadrive.core.presentation.components.PaginatedLazyColumnKt.PaginatedLazyColumn.<no name provided> origin=IMPLICIT_CAST typeOperand=com.alphadrive.core.presentation.components.PaginatedLazyColumnKt.PaginatedLazyColumn.<no name provided>
                    CALL 'public final fun create (value: kotlin.Any?, $completion: kotlin.coroutines.Continuation<kotlin.Nothing>): kotlin.coroutines.Continuation<kotlin.Unit> declared in com.alphadrive.core.presentation.components.PaginatedLazyColumnKt.PaginatedLazyColumn.<no name provided>' type=kotlin.coroutines.Continuation<kotlin.Unit> origin=null
                      ARG <this>: GET_VAR '<this>: com.alphadrive.core.presentation.components.PaginatedLazyColumnKt.PaginatedLazyColumn.<no name provided> declared in com.alphadrive.core.presentation.components.PaginatedLazyColumnKt.PaginatedLazyColumn.<no name provided>.invoke' type=com.alphadrive.core.presentation.components.PaginatedLazyColumnKt.PaginatedLazyColumn.<no name provided> origin=null
                      ARG value: GET_VAR 'p1: kotlinx.coroutines.CoroutineScope declared in com.alphadrive.core.presentation.components.PaginatedLazyColumnKt.PaginatedLazyColumn.<no name provided>.invoke' type=kotlinx.coroutines.CoroutineScope origin=null
                      ARG $completion: GET_VAR 'p2: kotlin.coroutines.Continuation<kotlin.Unit>? declared in com.alphadrive.core.presentation.components.PaginatedLazyColumnKt.PaginatedLazyColumn.<no name provided>.invoke' type=kotlin.coroutines.Continuation<kotlin.Unit>? origin=null
                  ARG $result: CALL 'public final fun <unsafe-coerce> <T, R> (v: T of kotlin.jvm.internal.<unsafe-coerce>): R of kotlin.jvm.internal.<unsafe-coerce> declared in kotlin.jvm.internal' type=kotlin.Result<kotlin.Any?> origin=null
                    TYPE_ARG T: kotlin.Any?
                    TYPE_ARG R: kotlin.Result<kotlin.Any?>
                    ARG v: GET_FIELD 'FIELD FIELD_FOR_OBJECT_INSTANCE name:INSTANCE type:kotlin.Unit visibility:public [final,static] declared in kotlin.Unit' type=kotlin.Unit origin=null
          FIELD FIELD_FOR_CAPTURED_VALUE name:$shouldPaginate type:androidx.compose.runtime.State<kotlin.Boolean> visibility:public/*package*/ [final]
          FIELD FIELD_FOR_CAPTURED_VALUE name:$loading type:kotlin.Boolean visibility:public/*package*/ [final]
          FIELD FIELD_FOR_CAPTURED_VALUE name:$onPaginate type:kotlin.Function0<kotlin.Unit> visibility:public/*package*/ [final]
          FUN LOCAL_FUNCTION_FOR_LAMBDA name:invokeSuspend$lambda$0 visibility:private modality:FINAL returnType:kotlin.Boolean
            VALUE_PARAMETER BOUND_VALUE_PARAMETER kind:Regular name:$shouldPaginate index:0 type:androidx.compose.runtime.State<kotlin.Boolean>
            BLOCK_BODY
              RETURN type=kotlin.Nothing from='private final fun invokeSuspend$lambda$0 ($shouldPaginate: androidx.compose.runtime.State<kotlin.Boolean>): kotlin.Boolean declared in com.alphadrive.core.presentation.components.PaginatedLazyColumnKt.PaginatedLazyColumn.<no name provided>'
                CALL 'public abstract fun <get-value> (): T of androidx.compose.runtime.State declared in androidx.compose.runtime.State' type=kotlin.Boolean origin=GET_PROPERTY
                  ARG <this>: GET_VAR '$shouldPaginate: androidx.compose.runtime.State<kotlin.Boolean> declared in com.alphadrive.core.presentation.components.PaginatedLazyColumnKt.PaginatedLazyColumn.<no name provided>.invokeSuspend$lambda$0' type=androidx.compose.runtime.State<kotlin.Boolean> origin=null
          FUN INLINE_LAMBDA name:invokeSuspend$lambda$1 visibility:private modality:FINAL returnType:kotlin.Any? [suspend]
            VALUE_PARAMETER BOUND_VALUE_PARAMETER kind:Regular name:$loading index:0 type:kotlin.Boolean
            VALUE_PARAMETER kind:Regular name:it index:1 type:kotlin.Boolean
            VALUE_PARAMETER CONTINUATION_CLASS kind:Regular name:$completion index:2 type:kotlin.coroutines.Continuation<kotlin.Boolean>
            BLOCK_BODY
              VAR name:$i$a$-filter-PaginatedLazyColumnKt$PaginatedLazyColumn$1$2 type:kotlin.Int [val]
                CONST Int type=kotlin.Int value=0
              RETURN type=kotlin.Nothing from='private final fun invokeSuspend$lambda$1 ($loading: kotlin.Boolean, it: kotlin.Boolean, $completion: kotlin.coroutines.Continuation<kotlin.Boolean>): kotlin.Any? [suspend] declared in com.alphadrive.core.presentation.components.PaginatedLazyColumnKt.PaginatedLazyColumn.<no name provided>'
                CALL 'public final fun ANDAND (arg0: kotlin.Boolean, arg1: kotlin.Boolean): kotlin.Boolean declared in kotlin.internal.ir' type=kotlin.Boolean origin=null
                  ARG arg0: GET_VAR 'it: kotlin.Boolean declared in com.alphadrive.core.presentation.components.PaginatedLazyColumnKt.PaginatedLazyColumn.<no name provided>.invokeSuspend$lambda$1' type=kotlin.Boolean origin=null
                  ARG arg1: CALL 'public final fun not (): kotlin.Boolean [operator] declared in kotlin.Boolean' type=kotlin.Boolean origin=null
                    ARG <this>: GET_VAR '$loading: kotlin.Boolean declared in com.alphadrive.core.presentation.components.PaginatedLazyColumnKt.PaginatedLazyColumn.<no name provided>.invokeSuspend$lambda$1' type=kotlin.Boolean origin=null
          FUN BRIDGE name:invoke visibility:public modality:OPEN returnType:kotlin.Any?
            VALUE_PARAMETER INSTANCE_RECEIVER kind:DispatchReceiver name:<this> index:0 type:com.alphadrive.core.presentation.components.PaginatedLazyColumnKt.PaginatedLazyColumn.<no name provided>
            VALUE_PARAMETER BRIDGE kind:Regular name:p1 index:1 type:kotlin.Any?
            VALUE_PARAMETER BRIDGE kind:Regular name:p2 index:2 type:kotlin.Any?
            EXPRESSION_BODY
              RETURN type=kotlin.Nothing from='public open fun invoke (p1: kotlin.Any?, p2: kotlin.Any?): kotlin.Any? declared in com.alphadrive.core.presentation.components.PaginatedLazyColumnKt.PaginatedLazyColumn.<no name provided>'
                CALL 'public final fun invoke (p1: kotlinx.coroutines.CoroutineScope, p2: kotlin.coroutines.Continuation<kotlin.Unit>?): kotlin.Any? declared in com.alphadrive.core.presentation.components.PaginatedLazyColumnKt.PaginatedLazyColumn.<no name provided>' type=kotlin.Any? origin=BRIDGE_DELEGATION
                  ARG <this>: GET_VAR '<this>: com.alphadrive.core.presentation.components.PaginatedLazyColumnKt.PaginatedLazyColumn.<no name provided> declared in com.alphadrive.core.presentation.components.PaginatedLazyColumnKt.PaginatedLazyColumn.<no name provided>.invoke' type=com.alphadrive.core.presentation.components.PaginatedLazyColumnKt.PaginatedLazyColumn.<no name provided> origin=null
                  ARG p1: TYPE_OP type=kotlinx.coroutines.CoroutineScope origin=IMPLICIT_CAST typeOperand=kotlinx.coroutines.CoroutineScope
                    GET_VAR 'p1: kotlin.Any? declared in com.alphadrive.core.presentation.components.PaginatedLazyColumnKt.PaginatedLazyColumn.<no name provided>.invoke' type=kotlin.Any? origin=null
                  ARG p2: TYPE_OP type=kotlin.coroutines.Continuation<*> origin=IMPLICIT_CAST typeOperand=kotlin.coroutines.Continuation<*>
                    GET_VAR 'p2: kotlin.Any? declared in com.alphadrive.core.presentation.components.PaginatedLazyColumnKt.PaginatedLazyColumn.<no name provided>.invoke' type=kotlin.Any? origin=null
        CONSTRUCTOR_CALL 'public/*package*/ constructor <init> ($shouldPaginate: androidx.compose.runtime.State<kotlin.Boolean>, $loading: kotlin.Boolean, $onPaginate: kotlin.Function0<kotlin.Unit>, $completion: kotlin.coroutines.Continuation<com.alphadrive.core.presentation.components.PaginatedLazyColumnKt.PaginatedLazyColumn.<no name provided>>?) [primary] declared in com.alphadrive.core.presentation.components.PaginatedLazyColumnKt.PaginatedLazyColumn.<no name provided>' type=com.alphadrive.core.presentation.components.PaginatedLazyColumnKt.PaginatedLazyColumn.<no name provided> origin=null
          ARG $shouldPaginate: GET_VAR 'val shouldPaginate: androidx.compose.runtime.State<kotlin.Boolean> [val] declared in com.alphadrive.core.presentation.components.PaginatedLazyColumnKt.PaginatedLazyColumn' type=androidx.compose.runtime.State<kotlin.Boolean> origin=null
          ARG $loading: GET_VAR 'loading: kotlin.Boolean declared in com.alphadrive.core.presentation.components.PaginatedLazyColumnKt.PaginatedLazyColumn' type=kotlin.Boolean origin=null
          ARG $onPaginate: GET_VAR 'onPaginate: kotlin.Function0<kotlin.Unit> declared in com.alphadrive.core.presentation.components.PaginatedLazyColumnKt.PaginatedLazyColumn' type=kotlin.Function0<kotlin.Unit> origin=null
          ARG $completion: CONST Null type=kotlin.Nothing? value=null
    BLOCK type=kotlin.Unit origin=ARGUMENTS_REORDERING_FOR_CALL
      VAR IR_TEMPORARY_VARIABLE name:tmp0_modifier type:androidx.compose.ui.Modifier [val]
        CALL 'public final fun fillMaxSize$default (<this>: androidx.compose.ui.Modifier, fraction: kotlin.Float, $mask0: kotlin.Int, $handler: kotlin.Any?): androidx.compose.ui.Modifier declared in androidx.compose.foundation.layout.SizeKt' type=androidx.compose.ui.Modifier origin=DEFAULT_DISPATCH_CALL
          ARG <this>: GET_VAR 'modifier: androidx.compose.ui.Modifier declared in com.alphadrive.core.presentation.components.PaginatedLazyColumnKt.PaginatedLazyColumn' type=androidx.compose.ui.Modifier origin=null
          ARG fraction: COMPOSITE type=kotlin.Float origin=DEFAULT_VALUE
            CONST Float type=kotlin.Float value=0.0
          ARG $mask0: CONST Int type=kotlin.Int value=1
          ARG $handler: CONST Null type=kotlin.Any? value=null
      CALL 'public final fun LazyColumn$default (modifier: androidx.compose.ui.Modifier?, state: androidx.compose.foundation.lazy.LazyListState?, contentPadding: androidx.compose.foundation.layout.PaddingValues?, reverseLayout: kotlin.Boolean, verticalArrangement: androidx.compose.foundation.layout.Arrangement.Vertical?, horizontalAlignment: androidx.compose.ui.Alignment.Horizontal?, flingBehavior: androidx.compose.foundation.gestures.FlingBehavior?, userScrollEnabled: kotlin.Boolean, overscrollEffect: androidx.compose.foundation.OverscrollEffect?, content: @[ExtensionFunctionType] kotlin.Function1<androidx.compose.foundation.lazy.LazyListScope, kotlin.Unit>, $mask0: kotlin.Int, $handler: kotlin.Any?): kotlin.Unit declared in androidx.compose.foundation.lazy.LazyDslKt' type=kotlin.Unit origin=DEFAULT_DISPATCH_CALL
        ARG modifier: GET_VAR 'val tmp0_modifier: androidx.compose.ui.Modifier [val] declared in com.alphadrive.core.presentation.components.PaginatedLazyColumnKt.PaginatedLazyColumn' type=androidx.compose.ui.Modifier origin=null
        ARG state: GET_VAR 'listState: androidx.compose.foundation.lazy.LazyListState declared in com.alphadrive.core.presentation.components.PaginatedLazyColumnKt.PaginatedLazyColumn' type=androidx.compose.foundation.lazy.LazyListState origin=null
        ARG contentPadding: GET_VAR 'contentPadding: androidx.compose.foundation.layout.PaddingValues declared in com.alphadrive.core.presentation.components.PaginatedLazyColumnKt.PaginatedLazyColumn' type=androidx.compose.foundation.layout.PaddingValues origin=null
        ARG reverseLayout: COMPOSITE type=kotlin.Boolean origin=DEFAULT_VALUE
          CONST Boolean type=kotlin.Boolean value=false
        ARG verticalArrangement: GET_VAR 'verticalArrangement: androidx.compose.foundation.layout.Arrangement.Vertical declared in com.alphadrive.core.presentation.components.PaginatedLazyColumnKt.PaginatedLazyColumn' type=androidx.compose.foundation.layout.Arrangement.Vertical origin=null
        ARG horizontalAlignment: COMPOSITE type=androidx.compose.ui.Alignment.Horizontal? origin=DEFAULT_VALUE
          CONST Null type=androidx.compose.ui.Alignment.Horizontal? value=null
        ARG flingBehavior: COMPOSITE type=androidx.compose.foundation.gestures.FlingBehavior? origin=DEFAULT_VALUE
          CONST Null type=androidx.compose.foundation.gestures.FlingBehavior? value=null
        ARG userScrollEnabled: COMPOSITE type=kotlin.Boolean origin=DEFAULT_VALUE
          CONST Boolean type=kotlin.Boolean value=false
        ARG overscrollEffect: COMPOSITE type=androidx.compose.foundation.OverscrollEffect? origin=DEFAULT_VALUE
          CONST Null type=androidx.compose.foundation.OverscrollEffect? value=null
        ARG content: BLOCK type=@[ExtensionFunctionType] kotlin.Function1<androidx.compose.foundation.lazy.LazyListScope, kotlin.Unit> origin=LAMBDA
          COMPOSITE type=kotlin.Unit origin=null
          CALL 'public final fun <jvm-indy> <T> (dynamicCall: T of kotlin.jvm.internal.<jvm-indy>, bootstrapMethodHandle: kotlin.Any, vararg bootstrapMethodArguments: kotlin.Any): T of kotlin.jvm.internal.<jvm-indy> declared in kotlin.jvm.internal' type=@[ExtensionFunctionType] kotlin.Function1<androidx.compose.foundation.lazy.LazyListScope, kotlin.Unit> origin=null
            TYPE_ARG T: @[ExtensionFunctionType] kotlin.Function1<androidx.compose.foundation.lazy.LazyListScope, kotlin.Unit>
            ARG dynamicCall: CALL 'public final fun invoke (p0: @[ExtensionFunctionType] kotlin.Function1<androidx.compose.foundation.lazy.LazyListScope, kotlin.Unit>, p1: kotlin.Boolean): @[ExtensionFunctionType] kotlin.Function1<androidx.compose.foundation.lazy.LazyListScope, kotlin.Unit> declared in kotlin.jvm.internal.invokeDynamic' type=@[ExtensionFunctionType] kotlin.Function1<androidx.compose.foundation.lazy.LazyListScope, kotlin.Unit> origin=null
              ARG p0: GET_VAR 'content: @[ExtensionFunctionType] kotlin.Function1<androidx.compose.foundation.lazy.LazyListScope, kotlin.Unit> declared in com.alphadrive.core.presentation.components.PaginatedLazyColumnKt.PaginatedLazyColumn' type=@[ExtensionFunctionType] kotlin.Function1<androidx.compose.foundation.lazy.LazyListScope, kotlin.Unit> origin=null
              ARG p1: GET_VAR 'loading: kotlin.Boolean declared in com.alphadrive.core.presentation.components.PaginatedLazyColumnKt.PaginatedLazyColumn' type=kotlin.Boolean origin=null
            ARG bootstrapMethodHandle: CALL 'public final fun <jvm-method-handle> (tag: kotlin.Int, owner: kotlin.String, name: kotlin.String, descriptor: kotlin.String, isInterface: kotlin.Boolean): kotlin.Any declared in kotlin.jvm.internal' type=kotlin.Any origin=null
              ARG tag: CONST Int type=kotlin.Int value=6
              ARG owner: CONST String type=kotlin.String value="java/lang/invoke/LambdaMetafactory"
              ARG name: CONST String type=kotlin.String value="metafactory"
              ARG descriptor: CONST String type=kotlin.String value="(Ljava/lang/invoke/MethodHandles$Lookup;Ljava/lang/String;Ljava/lang/invoke/MethodType;Ljava/lang/invoke/MethodType;Ljava/lang/invoke/MethodHandle;Ljava/lang/invoke/MethodType;)Ljava/lang/invoke/CallSite;"
              ARG isInterface: CONST Boolean type=kotlin.Boolean value=false
            ARG bootstrapMethodArguments: VARARG type=kotlin.Array<kotlin.Any> varargElementType=kotlin.Any
              CALL 'public final fun <jvm-original-method-type> (method: kotlin.Any): kotlin.Any declared in kotlin.jvm.internal' type=kotlin.Any origin=null
                ARG method: RAW_FUNCTION_REFERENCE 'public abstract fun invoke (p1: P1 of kotlin.Function1): R of kotlin.Function1 [operator] declared in kotlin.Function1' type=kotlin.Any
              RAW_FUNCTION_REFERENCE 'private final fun PaginatedLazyColumn$lambda$1 ($content: @[ExtensionFunctionType] kotlin.Function1<androidx.compose.foundation.lazy.LazyListScope, kotlin.Unit>, $loading: kotlin.Boolean, $this$LazyColumn: androidx.compose.foundation.lazy.LazyListScope): kotlin.Unit? declared in com.alphadrive.core.presentation.components.PaginatedLazyColumnKt' type=kotlin.Any
              CALL 'public final fun <jvm-original-method-type> (method: kotlin.Any): kotlin.Any declared in kotlin.jvm.internal' type=kotlin.Any origin=null
                ARG method: RAW_FUNCTION_REFERENCE 'public abstract fun invoke (p1: androidx.compose.foundation.lazy.LazyListScope): kotlin.Unit? [fake_override,operator] declared in kotlin.jvm.internal.invokeDynamic.<fake>' type=kotlin.Any
        ARG $mask0: CONST Int type=kotlin.Int value=488
        ARG $handler: CONST Null type=kotlin.Any? value=null

	at org.jetbrains.kotlin.backend.jvm.codegen.FunctionCodegen.generate(FunctionCodegen.kt:53)
	at org.jetbrains.kotlin.backend.jvm.codegen.FunctionCodegen.generate$default(FunctionCodegen.kt:46)
	at org.jetbrains.kotlin.backend.jvm.codegen.ClassCodegen.generateMethodNode(ClassCodegen.kt:422)
	at org.jetbrains.kotlin.backend.jvm.codegen.ClassCodegen.generateMethod(ClassCodegen.kt:439)
	at org.jetbrains.kotlin.backend.jvm.codegen.ClassCodegen.generate(ClassCodegen.kt:164)
	at org.jetbrains.kotlin.backend.jvm.JvmIrCodegenFactory.generateFile(JvmIrCodegenFactory.kt:446)
	at org.jetbrains.kotlin.backend.jvm.JvmIrCodegenFactory.invokeCodegen(JvmIrCodegenFactory.kt:413)
	at org.jetbrains.kotlin.cli.jvm.compiler.KotlinToJVMBytecodeCompiler.runCodegen$cli(KotlinToJVMBytecodeCompiler.kt:425)
	at org.jetbrains.kotlin.cli.pipeline.jvm.JvmBackendPipelinePhase.executePhase(JvmBackendPipelinePhase.kt:89)
	at org.jetbrains.kotlin.cli.pipeline.jvm.JvmBackendPipelinePhase.executePhase(JvmBackendPipelinePhase.kt:27)
	at org.jetbrains.kotlin.cli.pipeline.PipelinePhase.phaseBody(PipelinePhase.kt:68)
	at org.jetbrains.kotlin.cli.pipeline.PipelinePhase.phaseBody(PipelinePhase.kt:58)
	at org.jetbrains.kotlin.config.phaser.NamedCompilerPhase.invoke(CompilerPhase.kt:102)
	at org.jetbrains.kotlin.backend.common.phaser.CompositePhase.invoke(PhaseBuilders.kt:22)
	at org.jetbrains.kotlin.config.phaser.CompilerPhaseKt.invokeToplevel(CompilerPhase.kt:53)
	at org.jetbrains.kotlin.cli.pipeline.AbstractCliPipeline.runPhasedPipeline(AbstractCliPipeline.kt:109)
	at org.jetbrains.kotlin.cli.pipeline.AbstractCliPipeline.execute(AbstractCliPipeline.kt:68)
	at org.jetbrains.kotlin.cli.jvm.K2JVMCompiler.doExecutePhased(K2JVMCompiler.kt:79)
	at org.jetbrains.kotlin.cli.jvm.K2JVMCompiler.doExecutePhased(K2JVMCompiler.kt:45)
	at org.jetbrains.kotlin.cli.common.CLICompiler.execImpl(CLICompiler.kt:90)
	at org.jetbrains.kotlin.cli.common.CLICompiler.exec(CLICompiler.kt:352)
	at org.jetbrains.kotlin.incremental.IncrementalJvmCompilerRunnerBase.runCompiler(IncrementalJvmCompilerRunnerBase.kt:176)
	at org.jetbrains.kotlin.incremental.IncrementalJvmCompilerRunnerBase.runCompiler(IncrementalJvmCompilerRunnerBase.kt:39)
	at org.jetbrains.kotlin.incremental.IncrementalCompilerRunner.doCompile(IncrementalCompilerRunner.kt:499)
	at org.jetbrains.kotlin.incremental.IncrementalCompilerRunner.compileImpl(IncrementalCompilerRunner.kt:416)
	at org.jetbrains.kotlin.incremental.IncrementalCompilerRunner.compileNonIncrementally(IncrementalCompilerRunner.kt:301)
	at org.jetbrains.kotlin.incremental.IncrementalCompilerRunner.compile(IncrementalCompilerRunner.kt:128)
	at org.jetbrains.kotlin.daemon.CompileServiceImplBase.execIncrementalCompiler(CompileServiceImpl.kt:684)
	at org.jetbrains.kotlin.daemon.CompileServiceImplBase.access$execIncrementalCompiler(CompileServiceImpl.kt:94)
	at org.jetbrains.kotlin.daemon.CompileServiceImpl.compile(CompileServiceImpl.kt:1810)
	at java.base/jdk.internal.reflect.DirectMethodHandleAccessor.invoke(Unknown Source)
	at java.base/java.lang.reflect.Method.invoke(Unknown Source)
	at java.rmi/sun.rmi.server.UnicastServerRef.dispatch(Unknown Source)
	at java.rmi/sun.rmi.transport.Transport$1.run(Unknown Source)
	at java.rmi/sun.rmi.transport.Transport$1.run(Unknown Source)
	at java.base/java.security.AccessController.doPrivileged(Unknown Source)
	at java.rmi/sun.rmi.transport.Transport.serviceCall(Unknown Source)
	at java.rmi/sun.rmi.transport.tcp.TCPTransport.handleMessages(Unknown Source)
	at java.rmi/sun.rmi.transport.tcp.TCPTransport$ConnectionHandler.run0(Unknown Source)
	at java.rmi/sun.rmi.transport.tcp.TCPTransport$ConnectionHandler.lambda$run$0(Unknown Source)
	at java.base/java.security.AccessController.doPrivileged(Unknown Source)
	at java.rmi/sun.rmi.transport.tcp.TCPTransport$ConnectionHandler.run(Unknown Source)
	at java.base/java.util.concurrent.ThreadPoolExecutor.runWorker(Unknown Source)
	at java.base/java.util.concurrent.ThreadPoolExecutor$Worker.run(Unknown Source)
	at java.base/java.lang.Thread.run(Unknown Source)
Caused by: org.jetbrains.kotlin.codegen.CompilationException: Back-end (JVM) Internal error: Couldn't inline method call: CALL 'public final fun remember <T> (calculation: @[DisallowComposableCalls] kotlin.Function0<T of androidx.compose.runtime.ComposablesKt.remember>): T of androidx.compose.runtime.ComposablesKt.remember [inline] declared in androidx.compose.runtime.ComposablesKt' type=androidx.compose.runtime.State<kotlin.Boolean> origin=null
Method: null
File is unknown
The root cause java.lang.IllegalStateException was thrown at: org.jetbrains.kotlin.codegen.inline.SourceCompilerForInlineKt.getMethodNode(SourceCompilerForInline.kt:129)
	at org.jetbrains.kotlin.backend.jvm.codegen.IrInlineCodegen.genInlineCall(IrInlineCodegen.kt:82)
	at org.jetbrains.kotlin.backend.jvm.codegen.IrInlineCallGenerator.genCall(IrInlineCallGenerator.kt:36)
	at org.jetbrains.kotlin.backend.jvm.codegen.ExpressionCodegen.visitCall(ExpressionCodegen.kt:589)
	at org.jetbrains.kotlin.backend.jvm.codegen.ExpressionCodegen.visitCall(ExpressionCodegen.kt:134)
	at org.jetbrains.kotlin.ir.expressions.IrCall.accept(IrCall.kt:24)
	at org.jetbrains.kotlin.backend.jvm.codegen.ExpressionCodegen.visitVariable(ExpressionCodegen.kt:729)
	at org.jetbrains.kotlin.backend.jvm.codegen.ExpressionCodegen.visitVariable(ExpressionCodegen.kt:134)
	at org.jetbrains.kotlin.ir.declarations.IrVariable.accept(IrVariable.kt:36)
	at org.jetbrains.kotlin.backend.jvm.codegen.ExpressionCodegen.visitStatementContainer(ExpressionCodegen.kt:530)
	at org.jetbrains.kotlin.backend.jvm.codegen.ExpressionCodegen.visitBlockBody(ExpressionCodegen.kt:535)
	at org.jetbrains.kotlin.backend.jvm.codegen.ExpressionCodegen.visitBlockBody(ExpressionCodegen.kt:134)
	at org.jetbrains.kotlin.ir.expressions.IrBlockBody.accept(IrBlockBody.kt:20)
	at org.jetbrains.kotlin.backend.jvm.codegen.ExpressionCodegen.generate(ExpressionCodegen.kt:232)
	at org.jetbrains.kotlin.backend.jvm.codegen.FunctionCodegen.doGenerate(FunctionCodegen.kt:129)
	at org.jetbrains.kotlin.backend.jvm.codegen.FunctionCodegen.generate(FunctionCodegen.kt:50)
	... 44 more
Caused by: java.lang.IllegalStateException: couldn't find inline method Landroidx/compose/runtime/ComposablesKt;.remember(Lkotlin/jvm/functions/Function0;)Ljava/lang/Object;
	at org.jetbrains.kotlin.codegen.inline.SourceCompilerForInlineKt.getMethodNode(SourceCompilerForInline.kt:129)
	at org.jetbrains.kotlin.codegen.inline.SourceCompilerForInlineKt.loadCompiledInlineFunction$lambda$0(SourceCompilerForInline.kt:98)
	at org.jetbrains.kotlin.codegen.inline.InlineCache.computeMethodBytes(InlineCache.kt:90)
	at org.jetbrains.kotlin.codegen.inline.SourceCompilerForInlineKt.loadCompiledInlineFunction(SourceCompilerForInline.kt:93)
	at org.jetbrains.kotlin.backend.jvm.codegen.IrSourceCompilerForInline.compileInlineFunction(IrSourceCompilerForInline.kt:96)
	at org.jetbrains.kotlin.backend.jvm.codegen.IrInlineCodegen.genInlineCall(IrInlineCodegen.kt:65)
	... 58 more


